2024-02-14T23:18:53.364Z [secureblink] info: User logged in: 20pa1a05d7@vishnu.edu.in
2024-02-14T23:19:33.614Z [secureblink] info: User accessed in protected resource: [object Object]
2024-02-14T23:19:58.820Z [secureblink] info: User logged in accessing admin routes
2024-02-14T23:21:36.323Z [secureblink] info: User forgot password: [object Object]
2024-02-14T23:27:16.221Z [secureblink] info: User forgot password: [object Object]
2024-02-14T23:28:21.731Z [secureblink] info: User reset password: [object Object]
2024-02-15T02:28:44.546Z [secureblink] error: Error during user registration: Operation `users.insertOne()` buffering timed out after 10000ms
2024-02-15T02:28:49.387Z [secureblink] error: Error during user login: Operation `users.findOne()` buffering timed out after 10000ms
2024-02-15T02:28:54.395Z [secureblink] info: Error message: Operation `users.findOne()` buffering timed out after 10000ms
2024-02-15T02:42:18.042Z [secureblink] error: Error during user registration: Operation `users.insertOne()` buffering timed out after 10000ms
2024-02-15T02:42:22.827Z [secureblink] error: Error during user login: Operation `users.findOne()` buffering timed out after 10000ms
2024-02-15T02:42:27.836Z [secureblink] info: Error message: Operation `users.findOne()` buffering timed out after 10000ms
2024-02-15T02:43:44.023Z [secureblink] error: Error during user registration: Operation `users.insertOne()` buffering timed out after 10000ms
2024-02-15T02:43:48.906Z [secureblink] error: Error during user login: Operation `users.find()` buffering timed out after 10000ms
2024-02-15T02:43:53.918Z [secureblink] info: Error message: Operation `users.find()` buffering timed out after 10000ms
2024-02-15T02:45:43.520Z [secureblink] error: Error during user registration: Operation `users.insertOne()` buffering timed out after 10000ms
2024-02-15T02:45:48.245Z [secureblink] error: Error during user login: Operation `users.find()` buffering timed out after 10000ms
2024-02-15T02:45:53.248Z [secureblink] info: Error message: Operation `users.find()` buffering timed out after 10000ms
2024-02-15T02:47:30.290Z [secureblink] error: Error during user registration: Operation `users.insertOne()` buffering timed out after 10000ms
2024-02-15T02:47:35.201Z [secureblink] error: Error during user login: Operation `users.find()` buffering timed out after 10000ms
2024-02-15T02:47:40.202Z [secureblink] info: Error message: Operation `users.find()` buffering timed out after 10000ms
2024-02-15T02:48:07.046Z [secureblink] error: Error during user registration: Operation `users.insertOne()` buffering timed out after 10000ms
2024-02-15T02:48:11.896Z [secureblink] error: Error during user login: Operation `users.find()` buffering timed out after 10000ms
2024-02-15T02:48:16.906Z [secureblink] info: Error message: Operation `users.find()` buffering timed out after 10000ms
2024-02-15T02:49:05.188Z [secureblink] error: Error during user registration: Operation `users.insertOne()` buffering timed out after 10000ms
2024-02-15T02:49:10.087Z [secureblink] error: Error during user login: Operation `users.find()` buffering timed out after 10000ms
2024-02-15T02:49:15.108Z [secureblink] info: Error message: Operation `users.find()` buffering timed out after 10000ms
2024-02-15T02:49:53.581Z [secureblink] error: Error during user registration: Operation `users.insertOne()` buffering timed out after 10000ms
2024-02-15T02:49:58.479Z [secureblink] error: Error during user login: Operation `users.find()` buffering timed out after 10000ms
2024-02-15T02:50:03.483Z [secureblink] info: Error message: Operation `users.find()` buffering timed out after 10000ms
2024-02-15T02:51:38.813Z [secureblink] error: Error during user login: Operation `users.find()` buffering timed out after 10000ms
2024-02-15T02:51:43.836Z [secureblink] info: Error message: Operation `users.find()` buffering timed out after 10000ms
2024-02-15T02:53:33.513Z [secureblink] error: Error during user login: Operation `users.find()` buffering timed out after 10000ms
2024-02-15T02:53:38.517Z [secureblink] info: Error message: Operation `users.find()` buffering timed out after 10000ms
2024-02-15T02:55:49.221Z [secureblink] error: Error during user registration: Operation `users.insertOne()` buffering timed out after 10000ms
2024-02-15T02:55:54.120Z [secureblink] error: Error during user login: Operation `users.find()` buffering timed out after 10000ms
2024-02-15T02:55:59.116Z [secureblink] info: Error message: Operation `users.find()` buffering timed out after 10000ms
2024-02-15T02:58:37.253Z [secureblink] error: Error during user registration: Operation `users.insertOne()` buffering timed out after 10000ms
2024-02-15T02:58:47.324Z [secureblink] error: Error during user login: Operation `users.find()` buffering timed out after 10000ms
2024-02-15T02:58:57.359Z [secureblink] info: Error message: Operation `users.find()` buffering timed out after 10000ms
2024-02-15T03:02:58.645Z [secureblink] error: Error during user registration: Operation `users.insertOne()` buffering timed out after 10000ms
2024-02-15T03:03:08.511Z [secureblink] error: Error during user login: Operation `users.find()` buffering timed out after 10000ms
2024-02-15T03:03:18.524Z [secureblink] info: Error message: Operation `users.find()` buffering timed out after 10000ms
2024-02-15T03:04:10.147Z [secureblink] error: Error during user registration: Operation `users.insertOne()` buffering timed out after 10000ms
2024-02-15T03:04:19.903Z [secureblink] error: Error during user login: Operation `users.find()` buffering timed out after 10000ms
2024-02-15T03:04:29.921Z [secureblink] info: Error message: Operation `users.find()` buffering timed out after 10000ms
2024-02-15T03:05:14.453Z [secureblink] error: Error during user registration: User validation failed: email: Path `email` is required.
2024-02-15T03:05:24.499Z [secureblink] error: Error during user login: Operation `users.find()` buffering timed out after 10000ms
2024-02-15T03:05:34.509Z [secureblink] info: Error message: Operation `users.find()` buffering timed out after 10000ms
2024-02-15T03:06:13.424Z [secureblink] error: Error during user registration: User validation failed: email: Path `email` is required.
2024-02-15T03:06:23.461Z [secureblink] error: Error during user login: Operation `users.find()` buffering timed out after 10000ms
2024-02-15T03:06:33.476Z [secureblink] info: Error message: Operation `users.find()` buffering timed out after 10000ms
